2025-12-05 13:23:26 - risk - INFO - Risk monitoring loop started
2025-12-05 13:23:26 - risk - INFO - Risk monitoring started
2025-12-05 13:34:51 - risk - INFO - Risk monitoring loop started
2025-12-05 13:34:51 - risk - INFO - Risk monitoring started
2025-12-05 13:41:05 - risk - INFO - Trade completed with loss: ₹-179.00 | Total protected P&L: ₹-276.50
2025-12-05 13:41:05 - risk - INFO - Trade closed with loss: ₹-179.00 | Symbol: SENSEX25D1185800PE | Protected P&L updated
2025-12-05 13:41:05 - risk - INFO - Detected 1 completed trades
2025-12-05 13:53:05 - risk - INFO - Risk monitoring stopped
2025-12-05 13:53:13 - risk - INFO - Risk monitoring loop started
2025-12-05 13:53:13 - risk - INFO - Risk monitoring started
2025-12-05 14:04:23 - risk - INFO - Risk monitoring stopped
2025-12-05 14:04:29 - risk - INFO - Risk monitoring loop started
2025-12-05 14:04:29 - risk - INFO - Risk monitoring started
2025-12-05 14:43:42 - risk - INFO - Risk monitoring loop started
2025-12-05 14:43:42 - risk - INFO - Risk monitoring started
2025-12-05 15:13:48 - risk - INFO - Trade completed with loss: ₹-1484.25 | Total protected P&L: ₹-1760.75
2025-12-05 15:13:48 - risk - INFO - Trade closed with loss: ₹-1484.25 | Symbol: NIFTY25D0926200CE | Protected P&L updated
2025-12-05 15:13:48 - risk - INFO - Detected 1 completed trades
2025-12-05 19:24:31 - risk - INFO - Risk monitoring stopped
2025-12-05 20:04:02 - risk - INFO - Risk monitoring loop started
2025-12-05 20:04:02 - risk - INFO - Risk monitoring started
2025-12-05 21:05:54 - risk - INFO - Risk monitoring loop started
2025-12-05 21:05:54 - risk - INFO - Risk monitoring started
2025-12-05 21:12:52 - risk - INFO - Risk monitoring loop started
2025-12-05 21:12:52 - risk - INFO - Risk monitoring started
2025-12-05 21:24:13 - risk - INFO - Risk monitoring loop started
2025-12-05 21:24:13 - risk - INFO - Risk monitoring started
2025-12-05 22:32:43 - risk - INFO - Risk monitoring stopped
2025-12-05 22:44:38 - risk - INFO - Risk monitoring loop started
2025-12-05 22:44:38 - risk - INFO - Risk monitoring started
2025-12-05 22:46:06 - risk - INFO - Risk monitoring stopped
2025-12-05 22:48:21 - risk - INFO - Risk monitoring loop started
2025-12-05 22:48:21 - risk - INFO - Risk monitoring started
2025-12-05 22:49:50 - risk - INFO - Risk monitoring stopped
2025-12-05 22:51:44 - risk - INFO - Risk monitoring loop started
2025-12-05 22:51:44 - risk - INFO - Risk monitoring started
2025-12-05 22:53:07 - risk - INFO - Risk monitoring stopped
2025-12-05 22:58:23 - risk - INFO - Risk monitoring loop started
2025-12-05 22:58:23 - risk - INFO - Risk monitoring started
2025-12-05 23:12:21 - risk - INFO - Risk monitoring stopped
2025-12-05 23:12:31 - risk - INFO - Risk monitoring loop started
2025-12-05 23:12:31 - risk - INFO - Risk monitoring started
2025-12-05 23:23:11 - risk - INFO - Risk monitoring stopped
2025-12-05 23:23:21 - risk - INFO - Risk monitoring loop started
2025-12-05 23:23:21 - risk - INFO - Risk monitoring started
2025-12-05 23:39:07 - risk - INFO - Risk monitoring stopped
2025-12-05 23:39:26 - risk - INFO - Risk monitoring loop started
2025-12-05 23:39:26 - risk - INFO - Risk monitoring started
2025-12-08 09:36:35 - risk - INFO - Risk monitoring loop started
2025-12-08 09:36:35 - risk - INFO - Risk monitoring started
2025-12-08 10:13:38 - risk - INFO - Risk monitoring loop started
2025-12-08 10:13:38 - risk - INFO - Risk monitoring started
2025-12-08 10:23:10 - risk - INFO - Risk monitoring loop started
2025-12-08 10:23:10 - risk - INFO - Risk monitoring started
2025-12-08 10:46:49 - risk - INFO - Risk monitoring stopped
2025-12-08 10:46:55 - risk - INFO - Risk monitoring loop started
2025-12-08 10:46:55 - risk - INFO - Risk monitoring started
2025-12-08 12:17:31 - risk - INFO - Risk monitoring loop started
2025-12-08 12:17:31 - risk - INFO - Risk monitoring started
2025-12-08 12:17:47 - risk - INFO - Trade completed with profit: ₹2580.00 | Total protected P&L: ₹2580.00
2025-12-08 12:17:47 - risk - INFO - Trade closed with profit: ₹2580.00 | Symbol: NIFTY25D1626350CE | Protected P&L updated
2025-12-08 12:17:47 - risk - INFO - Detected 1 completed trades
2025-12-08 12:27:59 - risk - INFO - Trade completed with loss: ₹-3562.50 | Total protected P&L: ₹-982.50
2025-12-08 12:27:59 - risk - INFO - Trade closed with loss: ₹-3562.50 | Symbol: NIFTY25D1626000PE | Protected P&L updated
2025-12-08 12:27:59 - risk - INFO - Detected 1 completed trades
2025-12-08 13:21:29 - risk - INFO - Trade completed with loss: ₹-3547.50 | Total protected P&L: ₹-4530.00
2025-12-08 13:21:29 - risk - INFO - Trade closed with loss: ₹-3547.50 | Symbol: NIFTY25D1625950PE | Protected P&L updated
2025-12-08 13:21:29 - risk - INFO - Detected 1 completed trades
2025-12-08 13:31:16 - risk - INFO - Risk monitoring stopped
2025-12-08 13:31:24 - risk - INFO - Risk monitoring loop started
2025-12-08 13:31:24 - risk - INFO - Risk monitoring started
2025-12-08 13:32:17 - risk - INFO - Trade completed with loss: ₹-3348.75 | Total protected P&L: ₹-7878.75
2025-12-08 13:32:17 - risk - INFO - Trade closed with loss: ₹-3348.75 | Symbol: NIFTY25D1625900PE | Protected P&L updated
2025-12-08 13:32:17 - risk - INFO - Detected 1 completed trades
2025-12-08 14:10:26 - risk - INFO - Risk monitoring loop started
2025-12-08 14:10:26 - risk - INFO - Risk monitoring started
2025-12-08 15:13:08 - risk - INFO - Trade completed with profit: ₹5722.50 | Total protected P&L: ₹-2156.25
2025-12-08 15:13:08 - risk - INFO - Trade closed with profit: ₹5722.50 | Symbol: NIFTY25D1626200CE | Protected P&L updated
2025-12-08 15:13:09 - risk - INFO - Trade completed with profit: ₹1237.50 | Total protected P&L: ₹-918.75
2025-12-08 15:13:09 - risk - INFO - Trade closed with profit: ₹1237.50 | Symbol: NIFTY25D1625850PE | Protected P&L updated
2025-12-08 15:13:09 - risk - INFO - Detected 2 completed trades
2025-12-08 15:51:02 - risk - INFO - Risk monitoring loop started
2025-12-08 15:51:02 - risk - INFO - Risk monitoring started
2025-12-09 10:35:27 - risk - INFO - Risk monitoring loop started
2025-12-09 10:35:27 - risk - INFO - Risk monitoring started
2025-12-09 12:06:04 - risk - INFO - Risk monitoring stopped
2025-12-09 12:06:09 - risk - INFO - Risk monitoring loop started
2025-12-09 12:06:09 - risk - INFO - Risk monitoring started
2025-12-09 12:45:47 - risk - INFO - Risk monitoring stopped
2025-12-09 12:45:58 - risk - INFO - Risk monitoring loop started
2025-12-09 12:45:58 - risk - INFO - Risk monitoring started
2025-12-09 12:50:18 - risk - INFO - Trade completed with profit: ₹56.25 | Total protected P&L: ₹56.25
2025-12-09 12:50:18 - risk - INFO - Trade closed with profit: ₹56.25 | Symbol: NIFTY25D0925700PE | Protected P&L updated
2025-12-09 12:50:18 - risk - INFO - Detected 1 completed trades
2025-12-09 14:31:43 - risk - INFO - Risk monitoring loop started
2025-12-09 14:31:43 - risk - INFO - Risk monitoring started
2025-12-09 14:33:57 - risk - INFO - Trade completed with profit: ₹1500.00 | Total protected P&L: ₹1556.25
2025-12-09 14:33:57 - risk - INFO - Trade closed with profit: ₹1500.00 | Symbol: NIFTY25D1625750PE | Protected P&L updated
2025-12-09 14:33:57 - risk - INFO - Trade completed with profit: ₹1871.25 | Total protected P&L: ₹3427.50
2025-12-09 14:33:57 - risk - INFO - Trade closed with profit: ₹1871.25 | Symbol: NIFTY25D1626000CE | Protected P&L updated
2025-12-09 14:33:57 - risk - INFO - Trade completed with loss: ₹-975.00 | Total protected P&L: ₹2452.50
2025-12-09 14:33:57 - risk - INFO - Trade closed with loss: ₹-975.00 | Symbol: NIFTY25D2326100CE | Protected P&L updated
2025-12-09 14:33:58 - risk - INFO - Trade completed with profit: ₹491.25 | Total protected P&L: ₹2943.75
2025-12-09 14:33:58 - risk - INFO - Trade closed with profit: ₹491.25 | Symbol: NIFTY25D2325650PE | Protected P&L updated
2025-12-09 14:33:58 - risk - INFO - Trade completed with profit: ₹1353.75 | Total protected P&L: ₹4297.50
2025-12-09 14:33:58 - risk - INFO - Trade closed with profit: ₹1353.75 | Symbol: NIFTY25D1626050CE | Protected P&L updated
2025-12-09 14:33:58 - risk - INFO - Detected 5 completed trades
2025-12-09 14:50:04 - risk - INFO - Risk monitoring loop started
2025-12-09 14:50:04 - risk - INFO - Risk monitoring started
2025-12-09 15:03:58 - risk - INFO - Trade completed with profit: ₹390.00 | Total protected P&L: ₹4687.50
2025-12-09 15:03:58 - risk - INFO - Trade closed with profit: ₹390.00 | Symbol: NIFTY25D1625650PE | Protected P&L updated
2025-12-09 15:03:58 - risk - INFO - Trade completed with profit: ₹63.00 | Total protected P&L: ₹4750.50
2025-12-09 15:03:58 - risk - INFO - Trade closed with profit: ₹63.00 | Symbol: BANKNIFTY25DEC59500CE | Protected P&L updated
2025-12-09 15:03:58 - risk - INFO - Trade completed with loss: ₹-138.75 | Total protected P&L: ₹4611.75
2025-12-09 15:03:58 - risk - INFO - Trade closed with loss: ₹-138.75 | Symbol: NIFTY25D1626000CE | Protected P&L updated
2025-12-09 15:03:58 - risk - INFO - Detected 3 completed trades
2025-12-09 17:37:36 - risk - INFO - Risk monitoring loop started
2025-12-09 17:37:36 - risk - INFO - Risk monitoring started
2025-12-09 17:54:06 - risk - INFO - Risk monitoring loop started
2025-12-09 17:54:06 - risk - INFO - Risk monitoring started
2025-12-09 18:17:56 - risk - INFO - Risk monitoring loop started
2025-12-09 18:17:56 - risk - INFO - Risk monitoring started
2025-12-09 18:27:49 - risk - INFO - Risk monitoring loop started
2025-12-09 18:27:49 - risk - INFO - Risk monitoring started
2025-12-09 18:28:33 - risk - INFO - Risk monitoring loop started
2025-12-09 18:28:33 - risk - INFO - Risk monitoring started
2025-12-10 10:56:23 - risk - INFO - Trade completed with profit: ₹1301.25 | Total protected P&L: ₹1301.25
2025-12-10 10:56:23 - risk - INFO - Trade closed with profit: ₹1301.25 | Symbol: NIFTY25D1626100CE | Protected P&L updated
2025-12-10 10:56:23 - risk - INFO - Detected 1 completed trades
2025-12-10 10:56:32 - risk - INFO - Trade completed with profit: ₹1932.00 | Total protected P&L: ₹3233.25
2025-12-10 10:56:32 - risk - INFO - Trade closed with profit: ₹1932.00 | Symbol: BANKNIFTY25DEC59700CE | Protected P&L updated
2025-12-10 10:56:32 - risk - INFO - Detected 1 completed trades
2025-12-10 10:57:41 - risk - INFO - Trade completed with profit: ₹45.00 | Total protected P&L: ₹3278.25
2025-12-10 10:57:41 - risk - INFO - Trade closed with profit: ₹45.00 | Symbol: NIFTY25D1626100CE | Protected P&L updated
2025-12-10 10:57:41 - risk - INFO - Trade completed with profit: ₹49.00 | Total protected P&L: ₹3327.25
2025-12-10 10:57:41 - risk - INFO - Trade closed with profit: ₹49.00 | Symbol: BANKNIFTY25DEC59700CE | Protected P&L updated
2025-12-10 10:57:41 - risk - INFO - Detected 2 completed trades
2025-12-10 11:08:13 - risk - INFO - Risk monitoring loop started
2025-12-10 11:08:13 - risk - INFO - Risk monitoring started
2025-12-10 12:20:06 - risk - INFO - Risk monitoring loop started
2025-12-10 12:20:06 - risk - INFO - Risk monitoring started
2025-12-10 13:30:31 - risk - INFO - Trade completed with loss: ₹-1429.75 | Total protected P&L: ₹1897.50
2025-12-10 13:30:31 - risk - INFO - Trade closed with loss: ₹-1429.75 | Symbol: BANKNIFTY25DEC59300CE | Protected P&L updated
2025-12-10 13:30:31 - risk - INFO - Detected 1 completed trades
2025-12-10 13:35:43 - risk - INFO - Trade completed with profit: ₹205.00 | Total protected P&L: ₹2102.50
2025-12-10 13:35:43 - risk - INFO - Trade closed with profit: ₹205.00 | Symbol: SENSEX25D1885200CE | Protected P&L updated
2025-12-10 13:35:44 - risk - INFO - Detected 1 completed trades
2025-12-10 14:06:05 - risk - INFO - Trade completed with loss: ₹-2148.75 | Total protected P&L: ₹-46.25
2025-12-10 14:06:05 - risk - INFO - Trade closed with loss: ₹-2148.75 | Symbol: NIFTY25D1625650PE | Protected P&L updated
2025-12-10 14:06:05 - risk - INFO - Detected 1 completed trades
2025-12-10 14:08:01 - risk - INFO - Trade completed with profit: ₹2122.75 | Total protected P&L: ₹2076.50
2025-12-10 14:08:01 - risk - INFO - Trade closed with profit: ₹2122.75 | Symbol: BANKNIFTY25DEC59400CE | Protected P&L updated
2025-12-10 14:08:01 - risk - INFO - Detected 1 completed trades
2025-12-10 14:08:35 - risk - INFO - Trade completed with profit: ₹1442.50 | Total protected P&L: ₹3519.00
2025-12-10 14:08:35 - risk - INFO - Trade closed with profit: ₹1442.50 | Symbol: SENSEX25D1885200CE | Protected P&L updated
2025-12-10 14:08:35 - risk - INFO - Detected 1 completed trades
2025-12-10 15:14:46 - risk - INFO - Trade completed with profit: ₹198.75 | Total protected P&L: ₹3717.75
2025-12-10 15:14:46 - risk - INFO - Trade closed with profit: ₹198.75 | Symbol: NIFTY25D1625550PE | Protected P&L updated
2025-12-10 15:14:46 - risk - INFO - Trade completed with profit: ₹871.50 | Total protected P&L: ₹4589.25
2025-12-10 15:14:46 - risk - INFO - Trade closed with profit: ₹871.50 | Symbol: BANKNIFTY25DEC58600PE | Protected P&L updated
2025-12-10 15:14:46 - risk - INFO - Detected 2 completed trades
2025-12-10 15:24:33 - risk - INFO - Risk monitoring stopped
2025-12-10 15:42:29 - risk - INFO - Risk monitoring loop started
2025-12-10 15:42:29 - risk - INFO - Risk monitoring started
2025-12-11 09:15:09 - risk - INFO - Risk monitoring loop started
2025-12-11 09:15:09 - risk - INFO - Risk monitoring started
2025-12-11 09:40:06 - risk - INFO - Risk monitoring loop started
2025-12-11 09:40:06 - risk - INFO - Risk monitoring started
2025-12-11 10:09:49 - risk - INFO - Risk monitoring loop started
2025-12-11 10:09:49 - risk - INFO - Risk monitoring started
2025-12-11 11:07:34 - risk - INFO - Risk monitoring loop started
2025-12-11 11:07:34 - risk - INFO - Risk monitoring started
2025-12-11 11:57:24 - risk - INFO - Trade completed with loss: ₹-2752.50 | Total protected P&L: ₹-2752.50
2025-12-11 11:57:24 - risk - INFO - Trade closed with loss: ₹-2752.50 | Symbol: NIFTY25D1625950CE | Protected P&L updated
2025-12-11 11:57:24 - risk - INFO - Detected 1 completed trades
2025-12-11 12:04:56 - risk - INFO - Trade completed with loss: ₹-2895.00 | Total protected P&L: ₹-5647.50
2025-12-11 12:04:56 - risk - INFO - Trade closed with loss: ₹-2895.00 | Symbol: NIFTY25D1626000CE | Protected P&L updated
2025-12-11 12:04:56 - risk - INFO - Detected 1 completed trades
2025-12-11 12:07:14 - risk - INFO - Trade completed with profit: ₹3712.50 | Total protected P&L: ₹-1935.00
2025-12-11 12:07:14 - risk - INFO - Trade closed with profit: ₹3712.50 | Symbol: NIFTY25D1625700PE | Protected P&L updated
2025-12-11 12:07:14 - risk - INFO - Detected 1 completed trades
2025-12-11 12:30:39 - risk - INFO - Trade completed with profit: ₹810.00 | Total protected P&L: ₹-1125.00
2025-12-11 12:30:39 - risk - INFO - Trade closed with profit: ₹810.00 | Symbol: NIFTY25D1625750PE | Protected P&L updated
2025-12-11 12:30:40 - risk - INFO - Detected 1 completed trades
2025-12-11 13:17:21 - risk - INFO - Risk monitoring loop started
2025-12-11 13:17:21 - risk - INFO - Risk monitoring started
2025-12-11 13:19:36 - risk - INFO - Risk monitoring loop started
2025-12-11 13:19:36 - risk - INFO - Risk monitoring started
2025-12-11 13:21:12 - risk - INFO - Risk monitoring loop started
2025-12-11 13:21:12 - risk - INFO - Risk monitoring started
2025-12-11 13:25:18 - risk - INFO - Risk monitoring loop started
2025-12-11 13:25:18 - risk - INFO - Risk monitoring started
2025-12-11 13:29:24 - risk - INFO - Risk monitoring loop started
2025-12-11 13:29:24 - risk - INFO - Risk monitoring started
2025-12-11 15:06:27 - risk - INFO - Trade completed with profit: ₹690.00 | Total protected P&L: ₹-435.00
2025-12-11 15:06:27 - risk - INFO - Trade closed with profit: ₹690.00 | Symbol: NIFTY25D1625800PE | Protected P&L updated
2025-12-11 15:06:27 - risk - INFO - Detected 1 completed trades
2025-12-11 15:06:28 - risk - INFO - Trade completed with profit: ₹90.00 | Total protected P&L: ₹-345.00
2025-12-11 15:06:28 - risk - INFO - Trade closed with profit: ₹90.00 | Symbol: NIFTY25D1626000CE | Protected P&L updated
2025-12-11 15:06:28 - risk - INFO - Detected 1 completed trades
2025-12-12 09:22:33 - risk - INFO - Risk monitoring loop started
2025-12-12 09:22:33 - risk - INFO - Risk monitoring started
2025-12-12 10:19:07 - risk - ERROR - Error detecting trade completions: Not authenticated. Please authenticate first.
2025-12-12 10:23:05 - risk - INFO - Risk monitoring stopped
2025-12-12 10:23:11 - risk - INFO - Risk monitoring loop started
2025-12-12 10:23:11 - risk - INFO - Risk monitoring started
2025-12-12 10:32:07 - risk - INFO - Risk monitoring loop started
2025-12-12 10:32:07 - risk - INFO - Risk monitoring started
2025-12-12 11:23:07 - risk - INFO - Trade completed with loss: ₹-588.00 | Total protected P&L: ₹-588.00
2025-12-12 11:23:07 - risk - INFO - Trade closed with loss: ₹-588.00 | Symbol: BANKNIFTY25DEC59600CE | Protected P&L updated
2025-12-12 11:23:07 - risk - INFO - Detected 1 completed trades
2025-12-12 11:24:10 - risk - INFO - Trade completed with loss: ₹-776.00 | Total protected P&L: ₹-1364.00
2025-12-12 11:24:10 - risk - INFO - Trade closed with loss: ₹-776.00 | Symbol: SENSEX25D1885600CE | Protected P&L updated
2025-12-12 11:24:10 - risk - INFO - Detected 1 completed trades
2025-12-12 11:52:52 - risk - INFO - Risk monitoring stopped
2025-12-12 11:52:57 - risk - INFO - Risk monitoring loop started
2025-12-12 11:52:57 - risk - INFO - Risk monitoring started
2025-12-12 11:53:44 - risk - INFO - Trade completed with loss: ₹-911.25 | Total protected P&L: ₹-2275.25
2025-12-12 11:53:44 - risk - INFO - Trade closed with loss: ₹-911.25 | Symbol: NIFTY25D1626150CE | Protected P&L updated
2025-12-12 11:53:44 - risk - INFO - Detected 1 completed trades
2025-12-12 12:07:38 - risk - INFO - Trade completed with loss: ₹-175.00 | Total protected P&L: ₹-2450.25
2025-12-12 12:07:38 - risk - INFO - Trade closed with loss: ₹-175.00 | Symbol: SENSEX25D1884700PE | Protected P&L updated
2025-12-12 12:07:38 - risk - INFO - Trade completed with loss: ₹-570.50 | Total protected P&L: ₹-3020.75
2025-12-12 12:07:38 - risk - INFO - Trade closed with loss: ₹-570.50 | Symbol: BANKNIFTY25DEC59100PE | Protected P&L updated
2025-12-12 12:07:38 - risk - INFO - Trade completed with loss: ₹-213.75 | Total protected P&L: ₹-3234.50
2025-12-12 12:07:38 - risk - INFO - Trade closed with loss: ₹-213.75 | Symbol: NIFTY25D1625800PE | Protected P&L updated
2025-12-12 12:07:38 - risk - INFO - Detected 3 completed trades
2025-12-12 12:10:21 - risk - INFO - Risk monitoring loop started
2025-12-12 12:10:21 - risk - INFO - Risk monitoring started
2025-12-12 12:33:56 - risk - INFO - Risk monitoring loop started
2025-12-12 12:33:56 - risk - INFO - Risk monitoring started
2025-12-12 15:14:42 - risk - INFO - Risk monitoring loop started
2025-12-12 15:14:42 - risk - INFO - Risk monitoring started
2025-12-15 09:20:31 - risk - INFO - Risk monitoring loop started
2025-12-15 09:20:31 - risk - INFO - Risk monitoring started
2025-12-15 09:30:32 - risk - INFO - Trade completed with profit: ₹3640.00 | Total protected P&L: ₹3640.00
2025-12-15 09:30:32 - risk - INFO - Trade closed with profit: ₹3640.00 | Symbol: BANKNIFTY25DEC59700CE | Protected P&L updated
2025-12-15 09:30:32 - risk - INFO - Trade completed with profit: ₹2147.00 | Total protected P&L: ₹5787.00
2025-12-15 09:30:32 - risk - INFO - Trade closed with profit: ₹2147.00 | Symbol: SENSEX25D1885700CE | Protected P&L updated
2025-12-15 09:30:32 - risk - INFO - Trade completed with profit: ₹1380.00 | Total protected P&L: ₹7167.00
2025-12-15 09:30:32 - risk - INFO - Trade closed with profit: ₹1380.00 | Symbol: NIFTY25D1626200CE | Protected P&L updated
2025-12-15 09:30:32 - risk - INFO - Trade completed with loss: ₹-3038.00 | Total protected P&L: ₹4129.00
2025-12-15 09:30:32 - risk - INFO - Trade closed with loss: ₹-3038.00 | Symbol: BANKNIFTY25DEC59100PE | Protected P&L updated
2025-12-15 09:30:32 - risk - INFO - Detected 4 completed trades
2025-12-15 10:12:54 - risk - INFO - Risk monitoring stopped
2025-12-15 10:13:21 - risk - INFO - Risk monitoring loop started
2025-12-15 10:13:21 - risk - INFO - Risk monitoring started
2025-12-15 10:17:22 - risk - INFO - Trade completed with profit: ₹7.50 | Total protected P&L: ₹4136.50
2025-12-15 10:17:22 - risk - INFO - Trade closed with profit: ₹7.50 | Symbol: NIFTY25D2325650PE | Protected P&L updated
2025-12-15 10:17:22 - risk - INFO - Detected 1 completed trades
2025-12-15 10:21:57 - risk - INFO - Risk monitoring loop started
2025-12-15 10:21:57 - risk - INFO - Risk monitoring started
2025-12-15 10:30:49 - risk - INFO - Trade completed with loss: ₹-22.50 | Total protected P&L: ₹4114.00
2025-12-15 10:30:49 - risk - INFO - Trade closed with loss: ₹-22.50 | Symbol: NIFTY25D2325800PE | Protected P&L updated
2025-12-15 10:30:49 - risk - INFO - Detected 1 completed trades
2025-12-15 10:31:09 - risk - INFO - Risk monitoring stopped
2025-12-15 10:41:28 - risk - INFO - Risk monitoring loop started
2025-12-15 10:41:28 - risk - INFO - Risk monitoring started
2025-12-15 10:45:21 - risk - INFO - Risk monitoring loop started
2025-12-15 10:45:21 - risk - INFO - Risk monitoring started
2025-12-15 10:55:16 - risk - INFO - Risk monitoring loop started
2025-12-15 10:55:16 - risk - INFO - Risk monitoring started
2025-12-15 14:07:05 - risk - INFO - Risk monitoring loop started
2025-12-15 14:07:05 - risk - INFO - Risk monitoring started
2025-12-15 14:08:58 - risk - INFO - Trade completed with profit: ₹2310.00 | Total protected P&L: ₹6424.00
2025-12-15 14:08:58 - risk - INFO - Trade closed with profit: ₹2310.00 | Symbol: NIFTY25D2325750PE | Protected P&L updated
2025-12-15 14:08:58 - risk - INFO - Detected 1 completed trades
2025-12-15 15:24:44 - risk - INFO - Trade completed with loss: ₹-78.75 | Total protected P&L: ₹6345.25
2025-12-15 15:24:44 - risk - INFO - Trade closed with loss: ₹-78.75 | Symbol: NIFTY25D2326200CE | Protected P&L updated
2025-12-15 15:24:44 - risk - INFO - Trade completed with profit: ₹547.50 | Total protected P&L: ₹6892.75
2025-12-15 15:24:44 - risk - INFO - Trade closed with profit: ₹547.50 | Symbol: NIFTY25D2325800PE | Protected P&L updated
2025-12-15 15:24:44 - risk - INFO - Detected 2 completed trades
2025-12-16 09:23:54 - risk - INFO - Risk monitoring loop started
2025-12-16 09:23:54 - risk - INFO - Risk monitoring started
2025-12-18 11:55:13 - risk - INFO - Risk monitoring loop started
2025-12-18 11:55:13 - risk - INFO - Risk monitoring started
2025-12-18 12:33:01 - risk - INFO - Risk monitoring loop started
2025-12-18 12:33:01 - risk - INFO - Risk monitoring started
2025-12-18 13:03:02 - risk - INFO - Risk monitoring loop started
2025-12-18 13:03:02 - risk - INFO - Risk monitoring started
2025-12-18 13:17:04 - risk - INFO - Risk monitoring loop started
2025-12-18 13:17:04 - risk - INFO - Risk monitoring started
2025-12-18 13:23:25 - risk - INFO - Risk monitoring loop started
2025-12-18 13:23:25 - risk - INFO - Risk monitoring started
2025-12-18 14:02:20 - risk - INFO - Trade completed with loss: ₹-1320.00 | Total protected P&L: ₹-1320.00
2025-12-18 14:02:20 - risk - INFO - Trade closed with loss: ₹-1320.00 | Symbol: NIFTY25D2325700PE | Protected P&L updated
2025-12-18 14:02:20 - risk - INFO - Detected 1 completed trades
2025-12-18 14:23:41 - risk - INFO - Trade completed with loss: ₹-1402.50 | Total protected P&L: ₹-2722.50
2025-12-18 14:23:41 - risk - INFO - Trade closed with loss: ₹-1402.50 | Symbol: NIFTY25D2325700PE | Protected P&L updated
2025-12-18 14:23:41 - risk - INFO - Detected 1 completed trades
2025-12-19 09:19:22 - risk - INFO - Risk monitoring loop started
2025-12-19 09:19:22 - risk - INFO - Risk monitoring started
2025-12-19 09:30:23 - risk - INFO - Trade completed with loss: ₹-3600.00 | Total protected P&L: ₹-3600.00
2025-12-19 09:30:23 - risk - INFO - Trade closed with loss: ₹-3600.00 | Symbol: NIFTY25D2326050CE | Protected P&L updated
2025-12-19 09:30:23 - risk - INFO - Trade completed with profit: ₹3772.50 | Total protected P&L: ₹172.50
2025-12-19 09:30:23 - risk - INFO - Trade closed with profit: ₹3772.50 | Symbol: NIFTY25D2325650PE | Protected P&L updated
2025-12-19 09:30:23 - risk - INFO - Detected 2 completed trades
2025-12-19 10:01:36 - risk - INFO - Risk monitoring loop started
2025-12-19 10:01:36 - risk - INFO - Risk monitoring started
2025-12-19 10:12:43 - risk - INFO - Risk monitoring loop started
2025-12-19 10:12:43 - risk - INFO - Risk monitoring started
2025-12-19 10:17:01 - risk - INFO - Risk monitoring loop started
2025-12-19 10:17:01 - risk - INFO - Risk monitoring started
2025-12-19 10:38:40 - risk - INFO - Risk monitoring loop started
2025-12-19 10:38:40 - risk - INFO - Risk monitoring started
2025-12-19 10:40:56 - risk - INFO - Risk monitoring stopped
2025-12-19 10:41:01 - risk - INFO - Risk monitoring loop started
2025-12-19 10:41:01 - risk - INFO - Risk monitoring started
2025-12-19 10:43:18 - risk - INFO - Risk monitoring loop started
2025-12-19 10:43:18 - risk - INFO - Risk monitoring started
2025-12-19 10:51:08 - risk - INFO - Risk monitoring loop started
2025-12-19 10:51:08 - risk - INFO - Risk monitoring started
2025-12-19 10:58:51 - risk - INFO - Risk monitoring loop started
2025-12-19 10:58:51 - risk - INFO - Risk monitoring started
2025-12-19 11:02:44 - risk - INFO - Risk monitoring loop started
2025-12-19 11:02:44 - risk - INFO - Risk monitoring started
2025-12-19 11:45:22 - risk - INFO - Trade completed with loss: ₹-2032.50 | Total protected P&L: ₹-1860.00
2025-12-19 11:45:22 - risk - INFO - Trade closed with loss: ₹-2032.50 | Symbol: NIFTY25D2325850PE | Protected P&L updated
2025-12-19 11:45:22 - risk - INFO - Detected 1 completed trades
2025-12-19 12:05:10 - risk - ERROR - Error detecting trade completions: Failed to fetch positions: Unknown Content-Type (text/html; charset=UTF-8) with response: (b'<!DOCTYPE html>\n<!--[if lt IE 7]> <html class="no-js ie6 oldie" lang="en-US"> <![endif]-->\n<!--[if IE 7]>    <html class="no-js ie7 oldie" lang="en-US"> <![endif]-->\n<!--[if IE 8]>    <html class="no-js ie8 oldie" lang="en-US"> <![endif]-->\n<!--[if gt IE 8]><!--> <html class="no-js" lang="en-US"> <!--<![endif]-->\n<head>\n\n<title> | 500: Internal server error</title>\n<meta charset="UTF-8" />\n<meta http-equiv="Content-Type" content="text/html; charset=UTF-8" />\n<meta http-equiv="X-UA-Compatible" content="IE=Edge" />\n<meta name="robots" content="noindex, nofollow" />\n<meta name="viewport" content="width=device-width,initial-scale=1" />\n<link rel="stylesheet" id="cf_styles-css" href="/cdn-cgi/styles/main.css" />\n</head>\n<body>\n<div id="cf-wrapper">\n    <div id="cf-error-details" class="p-0">\n        <header class="mx-auto pt-10 lg:pt-6 lg:px-8 w-240 lg:w-full mb-8">\n            <h1 class="inline-block sm:block sm:mb-2 font-light text-60 lg:text-4xl text-black-dark leading-tight mr-2">\n                <span class="inline-block">Internal server error</span>\n                <span class="code-label">Error code 500</span>\n            </h1>\n            <div>\n                Visit <a href="https://www.cloudflare.com/5xx-error-landing?utm_source=errorcode_500&utm_campaign=api.kite.trade" target="_blank" rel="noopener noreferrer">cloudflare.com</a> for more information.\n            </div>\n            <div class="mt-3">2025-12-19 06:35:10 UTC</div>\n        </header>\n        <div class="my-8 bg-gradient-gray">\n            <div class="w-240 lg:w-full mx-auto">\n                <div class="clearfix md:px-8">\n                    <div id="cf-browser-status" class=" relative w-1/3 md:w-full py-15 md:p-0 md:py-8 md:text-left md:border-solid md:border-0 md:border-b md:border-gray-400 overflow-hidden float-left md:float-none text-center">\n  <div class="relative mb-10 md:m-0">\n    \n    <span class="cf-icon-browser block md:hidden h-20 bg-center bg-no-repeat"></span>\n    <span class="cf-icon-ok w-12 h-12 absolute left-1/2 md:left-auto md:right-0 md:top-0 -ml-6 -bottom-4"></span>\n    \n  </div>\n  <span class="md:block w-full truncate">You</span>\n  <h3 class="md:inline-block mt-3 md:mt-0 text-2xl text-gray-600 font-light leading-1.3">\n  \n    Browser\n  \n  </h3>\n  \n  <span class="leading-1.3 text-2xl text-green-success">Working</span>\n  \n</div>\n                    <div id="cf-cloudflare-status" class="cf-error-source relative w-1/3 md:w-full py-15 md:p-0 md:py-8 md:text-left md:border-solid md:border-0 md:border-b md:border-gray-400 overflow-hidden float-left md:float-none text-center">\n  <div class="relative mb-10 md:m-0">\n    <a href="https://www.cloudflare.com/5xx-error-landing?utm_source=errorcode_500&#38;utm_campaign=api.kite.trade" target="_blank" rel="noopener noreferrer">\n    <span class="cf-icon-cloud block md:hidden h-20 bg-center bg-no-repeat"></span>\n    <span class="cf-icon-error w-12 h-12 absolute left-1/2 md:left-auto md:right-0 md:top-0 -ml-6 -bottom-4"></span>\n    </a>\n  </div>\n  <span class="md:block w-full truncate">Bangalore</span>\n  <h3 class="md:inline-block mt-3 md:mt-0 text-2xl text-gray-600 font-light leading-1.3">\n  <a href="https://www.cloudflare.com/5xx-error-landing?utm_source=errorcode_500&utm_campaign=api.kite.trade" target="_blank" rel="noopener noreferrer">\n    Cloudflare\n  </a>\n  </h3>\n  \n  <span class="leading-1.3 text-2xl text-red-error">Error</span>\n  \n</div>\n                    <div id="cf-host-status" class=" relative w-1/3 md:w-full py-15 md:p-0 md:py-8 md:text-left md:border-solid md:border-0 md:border-b md:border-gray-400 overflow-hidden float-left md:float-none text-center">\n  <div class="relative mb-10 md:m-0">\n    \n    <span class="cf-icon-server block md:hidden h-20 bg-center bg-no-repeat"></span>\n    <span class="cf-icon-ok w-12 h-12 absolute left-1/2 md:left-auto md:right-0 md:top-0 -ml-6 -bottom-4"></span>\n    \n  </div>\n  <span class="md:block w-full truncate">api.kite.trade</span>\n  <h3 class="md:inline-block mt-3 md:mt-0 text-2xl text-gray-600 font-light leading-1.3">\n  \n    Host\n  \n  </h3>\n  \n  <span class="leading-1.3 text-2xl text-green-success">Working</span>\n  \n</div>\n                </div>\n            </div>\n        </div>\n\n        <div class="w-240 lg:w-full mx-auto mb-8 lg:px-8">\n            <div class="clearfix">\n                <div class="w-1/2 md:w-full float-left pr-6 md:pb-10 md:pr-0 leading-relaxed">\n                    <h2 class="text-3xl font-normal leading-1.3 mb-4">What happened?</h2>\n                    <p>There is an internal server error on Cloudflare\'s network.</p>\n                </div>\n                <div class="w-1/2 md:w-full float-left leading-relaxed">\n                    <h2 class="text-3xl font-normal leading-1.3 mb-4">What can I do?</h2>\n                    <p class="mb-6">Please try again in a few minutes.</p>\n                </div>\n            </div>\n        </div>\n\n        <div class="cf-error-footer cf-wrapper w-240 lg:w-full py-10 sm:py-4 sm:px-8 mx-auto text-center sm:text-left border-solid border-0 border-t border-gray-300">\n    <p class="text-13">\n      <span class="cf-footer-item sm:block sm:mb-1">Cloudflare Ray ID: <strong class="font-semibold">9b04e0e13aba1eef</strong></span>\n      <span class="cf-footer-separator sm:hidden">&bull;</span>\n      <span id="cf-footer-item-ip" class="cf-footer-item hidden sm:block sm:mb-1">\n        Your IP:\n        <button type="button" id="cf-footer-ip-reveal" class="cf-footer-ip-reveal-btn">Click to reveal</button>\n        <span class="hidden" id="cf-footer-ip">122.171.22.169</span>\n        <span class="cf-footer-separator sm:hidden">&bull;</span>\n      </span>\n      <span class="cf-footer-item sm:block sm:mb-1"><span>Performance &amp; security by</span> <a rel="noopener noreferrer" href="https://www.cloudflare.com/5xx-error-landing?utm_source=errorcode_500&#38;utm_campaign=api.kite.trade" id="brand_link" target="_blank">Cloudflare</a></span>\n      \n    </p>\n    <script>(function(){function d(){var b=a.getElementById("cf-footer-item-ip"),c=a.getElementById("cf-footer-ip-reveal");b&&"classList"in b&&(b.classList.remove("hidden"),c.addEventListener("click",function(){c.classList.add("hidden");a.getElementById("cf-footer-ip").classList.remove("hidden")}))}var a=document;document.addEventListener&&a.addEventListener("DOMContentLoaded",d)})();</script>\n  </div><!-- /.error-footer -->\n\n    </div>\n</div>\n</body>\n</html>')
2025-12-19 12:12:59 - risk - INFO - Risk monitoring loop started
2025-12-19 12:12:59 - risk - INFO - Risk monitoring started
2025-12-19 12:21:43 - risk - INFO - Risk monitoring loop started
2025-12-19 12:21:43 - risk - INFO - Risk monitoring started
2025-12-19 12:21:56 - risk - INFO - Trade completed with profit: ₹960.00 | Total protected P&L: ₹-900.00
2025-12-19 12:21:56 - risk - INFO - Trade closed with profit: ₹960.00 | Symbol: NIFTY25D2326050CE | Protected P&L updated
2025-12-19 12:21:56 - risk - INFO - Detected 1 completed trades
2025-12-19 12:26:46 - risk - INFO - Risk monitoring loop started
2025-12-19 12:26:46 - risk - INFO - Risk monitoring started
2025-12-19 12:38:00 - risk - INFO - Risk monitoring loop started
2025-12-19 12:38:00 - risk - INFO - Risk monitoring started
2025-12-19 12:40:39 - risk - INFO - Trade completed with profit: ₹828.75 | Total protected P&L: ₹-71.25
2025-12-19 12:40:39 - risk - INFO - Trade closed with profit: ₹828.75 | Symbol: NIFTY25D2325900PE | Protected P&L updated
2025-12-19 12:40:39 - risk - INFO - Detected 1 completed trades
2025-12-19 12:48:20 - risk - INFO - Risk monitoring loop started
2025-12-19 12:48:20 - risk - INFO - Risk monitoring started
2025-12-19 12:52:20 - risk - INFO - Risk monitoring loop started
2025-12-19 12:52:20 - risk - INFO - Risk monitoring started
2025-12-19 13:03:31 - risk - INFO - Risk monitoring loop started
2025-12-19 13:03:31 - risk - INFO - Risk monitoring started
2025-12-19 13:11:26 - risk - INFO - Risk monitoring loop started
2025-12-19 13:11:26 - risk - INFO - Risk monitoring started
2025-12-19 13:19:23 - risk - INFO - Risk monitoring loop started
2025-12-19 13:19:23 - risk - INFO - Risk monitoring started
2025-12-19 13:22:34 - risk - INFO - Risk monitoring loop started
2025-12-19 13:22:34 - risk - INFO - Risk monitoring started
2025-12-19 13:32:54 - risk - INFO - Trade completed with profit: ₹772.50 | Total protected P&L: ₹701.25
2025-12-19 13:32:54 - risk - INFO - Trade closed with profit: ₹772.50 | Symbol: NIFTY25D2325900PE | Protected P&L updated
2025-12-19 13:32:54 - risk - INFO - Detected 1 completed trades
2025-12-19 14:48:57 - risk - INFO - Risk monitoring loop started
2025-12-19 14:48:57 - risk - INFO - Risk monitoring started
2025-12-19 15:19:38 - risk - INFO - Risk monitoring loop started
2025-12-19 15:19:38 - risk - INFO - Risk monitoring started
2025-12-19 15:27:34 - risk - INFO - Risk monitoring loop started
2025-12-19 15:27:34 - risk - INFO - Risk monitoring started
2025-12-19 15:27:43 - risk - INFO - Trade completed with profit: ₹1162.50 | Total protected P&L: ₹1863.75
2025-12-19 15:27:43 - risk - INFO - Trade closed with profit: ₹1162.50 | Symbol: NIFTY25D2325850PE | Protected P&L updated
2025-12-19 15:27:43 - risk - INFO - Trade completed with loss: ₹-101.25 | Total protected P&L: ₹1762.50
2025-12-19 15:27:43 - risk - INFO - Trade closed with loss: ₹-101.25 | Symbol: NIFTY25D2326050CE | Protected P&L updated
2025-12-19 15:27:43 - risk - INFO - Detected 2 completed trades
2025-12-22 11:31:28 - risk - INFO - Risk monitoring stopped
2025-12-22 11:32:00 - risk - INFO - Risk monitoring loop started
2025-12-22 11:32:00 - risk - INFO - Risk monitoring started
2025-12-22 11:44:35 - risk - INFO - Risk monitoring stopped
2025-12-22 11:44:43 - risk - INFO - Risk monitoring loop started
2025-12-22 11:44:43 - risk - INFO - Risk monitoring started
2025-12-22 11:55:46 - risk - INFO - Risk monitoring loop started
2025-12-22 11:55:46 - risk - INFO - Risk monitoring started
2025-12-22 12:38:23 - risk - ERROR - Error getting protected profit: (sqlite3.OperationalError) database is locked
[SQL: SELECT sum(trades.realized_pnl) AS sum_1 
FROM trades 
WHERE trades.exit_time >= ? AND trades.exit_time <= ?]
[parameters: ('2025-12-22 00:00:00.000000', '2025-12-22 23:59:59.999999')]
(Background on this error at: https://sqlalche.me/e/20/e3q8)
2025-12-23 09:17:05 - risk - INFO - Risk monitoring loop started
2025-12-23 09:17:05 - risk - INFO - Risk monitoring started
2025-12-23 09:30:06 - risk - INFO - Trade completed with profit: ₹862.50 | Total protected P&L: ₹862.50
2025-12-23 09:30:06 - risk - INFO - Trade closed with profit: ₹862.50 | Symbol: NIFTY25DEC25950PE | Protected P&L updated
2025-12-23 09:30:06 - risk - INFO - Detected 1 completed trades
2025-12-23 10:13:03 - risk - INFO - Risk monitoring loop started
2025-12-23 10:13:03 - risk - INFO - Risk monitoring started
2025-12-23 10:34:49 - risk - INFO - Risk monitoring stopped
2025-12-23 10:34:57 - risk - INFO - Risk monitoring loop started
2025-12-23 10:34:57 - risk - INFO - Risk monitoring started
2025-12-23 10:49:52 - risk - INFO - Risk monitoring loop started
2025-12-23 10:49:52 - risk - INFO - Risk monitoring started
